{
  "Cucumber Features": {
    "coverage": {
      "/home/saasbook/Desktop/nacla/NACLA_2.0/config/environment.rb": [
        null,
        1,
        null,
        null,
        1
      ],
      "/home/saasbook/Desktop/nacla/NACLA_2.0/config/application.rb": [
        1,
        null,
        1,
        null,
        1,
        null,
        1,
        null,
        null,
        null,
        null,
        1,
        1,
        null,
        null,
        null,
        null,
        null,
        null,
        null,
        null,
        null,
        null,
        null,
        null,
        null,
        null,
        null,
        null,
        null,
        null,
        null,
        null,
        null,
        null,
        null,
        1,
        null,
        null,
        1,
        null,
        null,
        1,
        null,
        null,
        null,
        null,
        null,
        null,
        null,
        null,
        null,
        null,
        1,
        null,
        null,
        1,
        null,
        null,
        1,
        null,
        null
      ],
      "/home/saasbook/Desktop/nacla/NACLA_2.0/config/boot.rb": [
        1,
        null,
        null,
        1,
        null,
        1
      ],
      "/home/saasbook/Desktop/nacla/NACLA_2.0/config/environments/test.rb": [
        1,
        null,
        null,
        null,
        null,
        null,
        null,
        1,
        null,
        null,
        1,
        1,
        null,
        null,
        1,
        null,
        null,
        1,
        1,
        null,
        null,
        1,
        null,
        null,
        1,
        null,
        null,
        null,
        null,
        1,
        null,
        null,
        1,
        null,
        null,
        1,
        null
      ],
      "/home/saasbook/Desktop/nacla/NACLA_2.0/config/initializers/backtrace_silencers.rb": [
        null,
        null,
        null,
        null,
        null,
        null,
        null
      ],
      "/home/saasbook/Desktop/nacla/NACLA_2.0/config/initializers/inflections.rb": [
        null,
        null,
        null,
        null,
        null,
        null,
        null,
        null,
        null,
        null,
        null,
        null,
        null,
        null,
        null
      ],
      "/home/saasbook/Desktop/nacla/NACLA_2.0/config/initializers/mime_types.rb": [
        null,
        null,
        null,
        null,
        null
      ],
      "/home/saasbook/Desktop/nacla/NACLA_2.0/config/initializers/secret_token.rb": [
        null,
        null,
        null,
        null,
        null,
        null,
        1
      ],
      "/home/saasbook/Desktop/nacla/NACLA_2.0/config/initializers/session_store.rb": [
        null,
        null,
        1,
        null,
        null,
        null,
        null,
        null
      ],
      "/home/saasbook/Desktop/nacla/NACLA_2.0/config/initializers/wrap_parameters.rb": [
        null,
        null,
        null,
        null,
        null,
        null,
        1,
        1,
        null,
        null,
        null,
        1,
        1,
        null
      ],
      "/home/saasbook/Desktop/nacla/NACLA_2.0/app/controllers/application_controller.rb": [
        1,
        1,
        1,
        1,
        1,
        10,
        null,
        null
      ],
      "/home/saasbook/Desktop/nacla/NACLA_2.0/app/helpers/application_helper.rb": [
        1,
        null
      ],
      "/home/saasbook/Desktop/nacla/NACLA_2.0/app/helpers/comment_helper.rb": [
        1,
        null,
        1,
        0,
        0,
        null,
        0,
        0,
        0,
        null,
        null,
        0,
        0,
        0,
        null,
        0,
        0,
        null,
        null,
        0,
        0,
        0,
        null,
        0,
        0,
        null,
        0,
        null,
        null,
        null
      ],
      "/home/saasbook/Desktop/nacla/NACLA_2.0/app/helpers/comments_helper.rb": [
        1,
        null
      ],
      "/home/saasbook/Desktop/nacla/NACLA_2.0/app/helpers/course_packs_helper.rb": [
        1,
        null
      ],
      "/home/saasbook/Desktop/nacla/NACLA_2.0/app/helpers/search_helper.rb": [
        1,
        null,
        1,
        null,
        0,
        null,
        null,
        null
      ],
      "/home/saasbook/Desktop/nacla/NACLA_2.0/app/helpers/sessions_helper.rb": [
        1,
        null
      ],
      "/home/saasbook/Desktop/nacla/NACLA_2.0/app/helpers/users_helper.rb": [
        1,
        null
      ],
      "/home/saasbook/Desktop/nacla/NACLA_2.0/app/controllers/comments_controller.rb": [
        1,
        1,
        null,
        null,
        1,
        0,
        0,
        0,
        0,
        0,
        0,
        0,
        0,
        0,
        0,
        null,
        0,
        null,
        0,
        0,
        null,
        null,
        null,
        1,
        0,
        0,
        0,
        0,
        0,
        null,
        0,
        null,
        0,
        0,
        null,
        null,
        null,
        1,
        null,
        null,
        null
      ],
      "/home/saasbook/Desktop/nacla/NACLA_2.0/app/models/comment.rb": [
        1,
        1,
        null
      ],
      "/home/saasbook/Desktop/nacla/NACLA_2.0/app/controllers/course_packs_controller.rb": [
        1,
        null,
        null,
        null,
        1,
        3,
        3,
        3,
        3,
        3,
        null,
        3,
        3,
        3,
        null,
        null,
        null,
        null,
        null,
        1,
        0,
        null,
        0,
        0,
        0,
        null,
        null,
        null,
        null,
        null,
        null,
        1,
        7,
        14,
        7,
        null,
        null,
        null,
        null,
        1,
        0,
        null,
        null,
        null,
        null,
        1,
        null,
        1,
        1,
        1,
        1,
        null,
        0,
        0,
        0,
        null,
        null,
        null,
        0,
        0,
        null,
        0,
        null,
        null,
        null,
        null,
        null,
        null,
        null,
        1,
        0,
        null,
        0,
        0,
        0,
        0,
        null,
        0,
        0,
        null,
        null,
        null,
        null,
        null,
        null,
        1,
        0,
        0,
        null,
        0,
        0,
        0,
        null,
        null,
        null,
        1,
        4,
        4,
        8,
        null,
        null,
        null,
        1,
        0,
        null,
        null,
        1,
        0,
        null,
        null
      ],
      "/home/saasbook/Desktop/nacla/NACLA_2.0/app/models/course_pack.rb": [
        1,
        1,
        1,
        null,
        1,
        1,
        null,
        null
      ],
      "/home/saasbook/Desktop/nacla/NACLA_2.0/app/controllers/search_controller.rb": [
        1,
        null,
        1,
        0,
        0,
        0,
        null,
        0,
        0,
        0,
        0,
        null,
        null,
        null,
        null
      ],
      "/home/saasbook/Desktop/nacla/NACLA_2.0/app/controllers/sessions_controller.rb": [
        1,
        1,
        null,
        null,
        1,
        0,
        0,
        0,
        0,
        null,
        0,
        0,
        null,
        null,
        null,
        1,
        0,
        0,
        null,
        null
      ],
      "/home/saasbook/Desktop/nacla/NACLA_2.0/app/controllers/users_controller.rb": [
        1,
        1,
        0,
        null,
        null,
        1,
        0,
        0,
        0,
        0,
        null,
        0,
        null,
        null,
        null
      ],
      "/home/saasbook/Desktop/nacla/NACLA_2.0/app/models/user.rb": [
        1,
        1,
        1,
        1,
        null,
        1,
        1,
        1,
        1,
        1,
        1,
        null,
        1,
        0,
        0,
        0,
        null,
        null,
        null,
        null,
        null,
        1,
        0,
        0,
        0,
        null,
        null,
        null
      ],
      "/home/saasbook/Desktop/nacla/NACLA_2.0/app/models/article.rb": [
        1,
        1,
        1,
        null,
        1,
        0,
        null,
        null,
        1,
        0,
        0,
        null,
        null,
        null,
        0,
        null,
        0,
        null,
        null,
        null,
        null
      ],
      "/home/saasbook/Desktop/nacla/NACLA_2.0/app/models/document.rb": [
        1,
        1,
        null,
        1,
        0,
        null,
        null
      ],
      "/home/saasbook/Desktop/nacla/NACLA_2.0/config/routes.rb": [
        1,
        1,
        1,
        1,
        1,
        1,
        1,
        null,
        null,
        1,
        1,
        1,
        1,
        1,
        null,
        1,
        null,
        1,
        1,
        1,
        1,
        1,
        null,
        null,
        null,
        null,
        null,
        null,
        null,
        null,
        null,
        null,
        null,
        null,
        null,
        null,
        null,
        null,
        null,
        null,
        null,
        null,
        null,
        null,
        null,
        null,
        null,
        null,
        null,
        null,
        null,
        null,
        null,
        null,
        null,
        null,
        null,
        null,
        null,
        null,
        null,
        null,
        null,
        null,
        null,
        null,
        null,
        null,
        null,
        null,
        null,
        null,
        1,
        null,
        null,
        null,
        null,
        null,
        null,
        null
      ],
      "/home/saasbook/Desktop/nacla/NACLA_2.0/features/support/paths.rb": [
        null,
        null,
        null,
        null,
        null,
        1,
        null,
        null,
        null,
        null,
        null,
        null,
        1,
        0,
        null,
        null,
        0,
        null,
        null,
        0,
        null,
        0,
        null,
        null,
        0,
        null,
        null,
        null,
        null,
        null,
        null,
        null,
        null,
        0,
        0,
        0,
        0,
        0,
        null,
        0,
        null,
        null,
        null,
        null,
        null,
        1
      ],
      "/home/saasbook/Desktop/nacla/NACLA_2.0/features/support/selectors.rb": [

      ],
      "/home/saasbook/Desktop/nacla/NACLA_2.0/features/step_definitions/add_coursepack_steps.rb": [
        1,
        3,
        null,
        null,
        1,
        0,
        null,
        null,
        1,
        3,
        null,
        null,
        1,
        3,
        3,
        null,
        0,
        null,
        null,
        null,
        1,
        1,
        null,
        null,
        1,
        0,
        null,
        null,
        1,
        1,
        null,
        null,
        1,
        0,
        null,
        null,
        1,
        1,
        null
      ],
      "/home/saasbook/Desktop/nacla/NACLA_2.0/features/step_definitions/comments_steps.rb": [
        1,
        null,
        1,
        1,
        null,
        null
      ],
      "/home/saasbook/Desktop/nacla/NACLA_2.0/features/step_definitions/create_coursepack_steps.rb": [
        1,
        null,
        null,
        5,
        13,
        null,
        null,
        null,
        1,
        4,
        null,
        null,
        1,
        5,
        null,
        null,
        1,
        0,
        null,
        null,
        1,
        4,
        null,
        null,
        1,
        0,
        0,
        null,
        0,
        null,
        null,
        null,
        null,
        1,
        2,
        2,
        null,
        0,
        null,
        null,
        null,
        1,
        1,
        1,
        null,
        0,
        null,
        null,
        null,
        null,
        null,
        null,
        null,
        1,
        1,
        1,
        null,
        0,
        null,
        null
      ],
      "/home/saasbook/Desktop/nacla/NACLA_2.0/features/step_definitions/search_steps.rb": [
        1,
        null,
        1,
        3,
        null,
        null
      ],
      "/home/saasbook/Desktop/nacla/NACLA_2.0/features/step_definitions/user_steps.rb": [
        1,
        null,
        null,
        null,
        1,
        null,
        null,
        null,
        1,
        null,
        null,
        null,
        null,
        1,
        null,
        null,
        null,
        1,
        null,
        null,
        null,
        1,
        null,
        null,
        null,
        null,
        1,
        null,
        null,
        null,
        null,
        1,
        null,
        null,
        null,
        1,
        null,
        null,
        null,
        1,
        null,
        null,
        null,
        1,
        null,
        null,
        null,
        1,
        null,
        null,
        null,
        1,
        null,
        null,
        null
      ],
      "/home/saasbook/Desktop/nacla/NACLA_2.0/features/step_definitions/web_steps.rb": [
        1,
        1,
        1,
        1,
        null,
        1,
        1,
        0,
        null,
        null,
        1,
        null,
        1,
        0,
        null
      ]
    },
    "timestamp": 1384148226
  },
  "RSpec": {
    "coverage": {
      "/home/saasbook/Desktop/nacla/NACLA_2.0/config/environment.rb": [
        null,
        1,
        null,
        null,
        1
      ],
      "/home/saasbook/Desktop/nacla/NACLA_2.0/config/application.rb": [
        1,
        null,
        1,
        null,
        1,
        null,
        1,
        null,
        null,
        null,
        null,
        1,
        1,
        null,
        null,
        null,
        null,
        null,
        null,
        null,
        null,
        null,
        null,
        null,
        null,
        null,
        null,
        null,
        null,
        null,
        null,
        null,
        null,
        null,
        null,
        null,
        1,
        null,
        null,
        1,
        null,
        null,
        1,
        null,
        null,
        null,
        null,
        null,
        null,
        null,
        null,
        null,
        null,
        1,
        null,
        null,
        1,
        null,
        null,
        1,
        null,
        null
      ],
      "/home/saasbook/Desktop/nacla/NACLA_2.0/config/boot.rb": [
        1,
        null,
        null,
        1,
        null,
        1
      ],
      "/home/saasbook/Desktop/nacla/NACLA_2.0/config/environments/test.rb": [
        1,
        null,
        null,
        null,
        null,
        null,
        null,
        1,
        null,
        null,
        1,
        1,
        null,
        null,
        1,
        null,
        null,
        1,
        1,
        null,
        null,
        1,
        null,
        null,
        1,
        null,
        null,
        null,
        null,
        1,
        null,
        null,
        1,
        null,
        null,
        1,
        null
      ],
      "/home/saasbook/Desktop/nacla/NACLA_2.0/config/initializers/backtrace_silencers.rb": [
        null,
        null,
        null,
        null,
        null,
        null,
        null
      ],
      "/home/saasbook/Desktop/nacla/NACLA_2.0/config/initializers/inflections.rb": [
        null,
        null,
        null,
        null,
        null,
        null,
        null,
        null,
        null,
        null,
        null,
        null,
        null,
        null,
        null
      ],
      "/home/saasbook/Desktop/nacla/NACLA_2.0/config/initializers/mime_types.rb": [
        null,
        null,
        null,
        null,
        null
      ],
      "/home/saasbook/Desktop/nacla/NACLA_2.0/config/initializers/secret_token.rb": [
        null,
        null,
        null,
        null,
        null,
        null,
        1
      ],
      "/home/saasbook/Desktop/nacla/NACLA_2.0/config/initializers/session_store.rb": [
        null,
        null,
        1,
        null,
        null,
        null,
        null,
        null
      ],
      "/home/saasbook/Desktop/nacla/NACLA_2.0/config/initializers/wrap_parameters.rb": [
        null,
        null,
        null,
        null,
        null,
        null,
        1,
        1,
        null,
        null,
        null,
        1,
        1,
        null
      ],
      "/home/saasbook/Desktop/nacla/NACLA_2.0/app/controllers/application_controller.rb": [
        1,
        1,
        1,
        1,
        1,
        0,
        null,
        null
      ],
      "/home/saasbook/Desktop/nacla/NACLA_2.0/app/helpers/application_helper.rb": [
        1,
        null
      ],
      "/home/saasbook/Desktop/nacla/NACLA_2.0/app/helpers/comment_helper.rb": [
        1,
        null,
        1,
        0,
        0,
        null,
        0,
        0,
        0,
        null,
        null,
        0,
        0,
        0,
        null,
        0,
        0,
        null,
        null,
        0,
        0,
        0,
        null,
        0,
        0,
        null,
        0,
        null,
        null,
        null
      ],
      "/home/saasbook/Desktop/nacla/NACLA_2.0/app/helpers/comments_helper.rb": [
        1,
        null
      ],
      "/home/saasbook/Desktop/nacla/NACLA_2.0/app/helpers/course_packs_helper.rb": [
        1,
        null
      ],
      "/home/saasbook/Desktop/nacla/NACLA_2.0/app/helpers/search_helper.rb": [
        1,
        null,
        1,
        null,
        0,
        null,
        null,
        null
      ],
      "/home/saasbook/Desktop/nacla/NACLA_2.0/app/helpers/sessions_helper.rb": [
        1,
        null
      ],
      "/home/saasbook/Desktop/nacla/NACLA_2.0/app/helpers/users_helper.rb": [
        1,
        null
      ],
      "/home/saasbook/Desktop/nacla/NACLA_2.0/app/controllers/comments_controller.rb": [
        1,
        1,
        null,
        null,
        1,
        0,
        0,
        0,
        0,
        0,
        0,
        0,
        0,
        0,
        0,
        null,
        0,
        null,
        0,
        0,
        null,
        null,
        null,
        1,
        0,
        0,
        0,
        0,
        0,
        null,
        0,
        null,
        0,
        0,
        null,
        null,
        null,
        1,
        null,
        null,
        null
      ],
      "/home/saasbook/Desktop/nacla/NACLA_2.0/app/models/comment.rb": [
        1,
        1,
        null
      ],
      "/home/saasbook/Desktop/nacla/NACLA_2.0/app/controllers/course_packs_controller.rb": [
        1,
        null,
        null,
        null,
        1,
        0,
        0,
        0,
        0,
        0,
        null,
        0,
        0,
        0,
        null,
        null,
        null,
        null,
        null,
        1,
        0,
        null,
        0,
        0,
        0,
        null,
        null,
        null,
        null,
        null,
        null,
        1,
        0,
        0,
        0,
        null,
        null,
        null,
        null,
        1,
        0,
        null,
        null,
        null,
        null,
        1,
        null,
        0,
        0,
        0,
        0,
        null,
        0,
        0,
        0,
        null,
        null,
        null,
        0,
        0,
        null,
        0,
        null,
        null,
        null,
        null,
        null,
        null,
        null,
        1,
        0,
        null,
        0,
        0,
        0,
        0,
        null,
        0,
        0,
        null,
        null,
        null,
        null,
        null,
        null,
        1,
        0,
        0,
        null,
        0,
        0,
        0,
        null,
        null,
        null,
        1,
        0,
        0,
        0,
        null,
        null,
        null,
        1,
        0,
        null,
        null,
        1,
        0,
        null,
        null
      ],
      "/home/saasbook/Desktop/nacla/NACLA_2.0/app/models/course_pack.rb": [
        1,
        1,
        1,
        null,
        1,
        1,
        null,
        null
      ],
      "/home/saasbook/Desktop/nacla/NACLA_2.0/app/controllers/search_controller.rb": [
        1,
        null,
        1,
        0,
        0,
        0,
        null,
        0,
        0,
        0,
        0,
        null,
        null,
        null,
        null
      ],
      "/home/saasbook/Desktop/nacla/NACLA_2.0/app/controllers/sessions_controller.rb": [
        1,
        1,
        null,
        null,
        1,
        0,
        0,
        0,
        0,
        null,
        0,
        0,
        null,
        null,
        null,
        1,
        0,
        0,
        null,
        null
      ],
      "/home/saasbook/Desktop/nacla/NACLA_2.0/app/controllers/users_controller.rb": [
        1,
        1,
        0,
        null,
        null,
        1,
        0,
        0,
        0,
        0,
        null,
        0,
        null,
        null,
        null
      ],
      "/home/saasbook/Desktop/nacla/NACLA_2.0/app/models/user.rb": [
        1,
        1,
        1,
        1,
        null,
        1,
        1,
        1,
        1,
        1,
        1,
        null,
        1,
        0,
        0,
        0,
        null,
        null,
        null,
        null,
        null,
        1,
        0,
        0,
        0,
        null,
        null,
        null
      ],
      "/home/saasbook/Desktop/nacla/NACLA_2.0/app/models/article.rb": [
        1,
        1,
        1,
        null,
        1,
        0,
        null,
        null,
        1,
        0,
        0,
        null,
        null,
        null,
        0,
        null,
        0,
        null,
        null,
        null,
        null
      ],
      "/home/saasbook/Desktop/nacla/NACLA_2.0/app/models/document.rb": [
        1,
        1,
        null,
        1,
        0,
        null,
        null
      ],
      "/home/saasbook/Desktop/nacla/NACLA_2.0/config/routes.rb": [
        1,
        1,
        1,
        1,
        1,
        1,
        1,
        null,
        null,
        1,
        1,
        1,
        1,
        1,
        null,
        1,
        null,
        1,
        1,
        1,
        1,
        1,
        null,
        null,
        null,
        null,
        null,
        null,
        null,
        null,
        null,
        null,
        null,
        null,
        null,
        null,
        null,
        null,
        null,
        null,
        null,
        null,
        null,
        null,
        null,
        null,
        null,
        null,
        null,
        null,
        null,
        null,
        null,
        null,
        null,
        null,
        null,
        null,
        null,
        null,
        null,
        null,
        null,
        null,
        null,
        null,
        null,
        null,
        null,
        null,
        null,
        null,
        1,
        null,
        null,
        null,
        null,
        null,
        null,
        null
      ]
    },
    "timestamp": 1384149531
  }
}
